<?xml version="1.0" encoding="UTF-8"?>
<testsuite xmlns:xsi="http://www.w3.org/2001/XMLSchema-instance" xsi:noNamespaceSchemaLocation="https://maven.apache.org/surefire/maven-surefire-plugin/xsd/surefire-test-report-3.0.xsd" version="3.0" name="com.example.applaudify.ApplaudifyApplicationTests" time="5.715" tests="1" errors="0" skipped="0" failures="0">
  <properties>
[...]
</properties>
  <testcase name="contextLoads" classname="com.example.applaudify.ApplaudifyApplicationTests" time="1.827">
    <system-out><![CDATA[11:27:54.570 [main] INFO org.springframework.test.context.support.AnnotationConfigContextLoaderUtils -- Could not detect default configuration classes for test class [com.example.applaudify.ApplaudifyApplicationTests]: ApplaudifyApplicationTests does not declare any static, non-private, non-final, nested classes annotated with @Configuration.
11:27:54.767 [main] INFO org.springframework.boot.test.context.SpringBootTestContextBootstrapper -- Found @SpringBootConfiguration com.example.applaudify.ApplaudifyApplication for test class com.example.applaudify.ApplaudifyApplicationTests

  .   ____          _            __ _ _
 /\\ / ___'_ __ _ _(_)_ __  __ _ \ \ \ \
( ( )\___ | '_ | '_| | '_ \/ _` | \ \ \ \
 \\/  ___)| |_)| | | | | || (_| |  ) ) ) )
  '  |____| .__|_| |_|_| |_\__, | / / / /
 =========|_|==============|___/=/_/_/_/
 :: Spring Boot ::                (v3.1.3)

2023-09-12T11:27:55.664+02:00  INFO 1984 --- [           main] c.e.a.ApplaudifyApplicationTests         : Starting ApplaudifyApplicationTests using Java 17.0.8 with PID 1984 (started by user1 in C:\Users\user1\Downloads\applaudify (1)\applaudify)
2023-09-12T11:27:55.667+02:00  INFO 1984 --- [           main] c.e.a.ApplaudifyApplicationTests         : No active profile set, falling back to 1 default profile: "default"
2023-09-12T11:27:58.126+02:00  INFO 1984 --- [           main] c.e.a.ApplaudifyApplicationTests         : Started ApplaudifyApplicationTests in 3.013 seconds (process running for 4.73)
]]></system-out>
  </testcase>
</testsuite>